<?xml version="1.0" encoding="UTF-8"?>
<robot generator="Robot 3.2.1 (Python 3.8.3 on win32)" generated="20200817 16:17:08.438" rpa="false">
<suite id="s1" name="APITest" source="D:\python\PAYNET\tests\APITest.robot">
<test id="s1-t1" name="YouTube API 2nd API test case">
<kw name="Create Session" library="RequestsLibrary">
<doc>Create Session: create a HTTP session to a server</doc>
<arguments>
<arg>YOUTUBE_session</arg>
<arg>${youtubebase_URL}</arg>
</arguments>
<msg timestamp="20200817 16:17:08.823" level="INFO">Creating Session using : alias=YOUTUBE_session, url=https://www.googleapis.com/youtube, headers={},                     cookies={}, auth=None, timeout=None, proxies=None, verify=False,                     debug=0 </msg>
<status status="PASS" starttime="20200817 16:17:08.823" endtime="20200817 16:17:08.824"></status>
</kw>
<kw name="Get Request" library="RequestsLibrary">
<doc>Send a GET request on the session object found using the
given `alias`</doc>
<arguments>
<arg>YOUTUBE_session</arg>
<arg>youtube/search?key=AIzaSyDwpyl4RwmNUk67LxvNatIJfz-nx6gok04&amp;part=snippet&amp;q=Mr. player</arg>
</arguments>
<assign>
<var>${response}</var>
</assign>
<msg timestamp="20200817 16:17:08.918" level="INFO">GET Request : url=https://www.googleapis.com/youtube/youtube/search?key=AIzaSyDwpyl4RwmNUk67LxvNatIJfz-nx6gok04&amp;part=snippet&amp;q=Mr.%20player 
 path_url=/youtube/youtube/search?key=AIzaSyDwpyl4RwmNUk67LxvNatIJfz-nx6gok04&amp;part=snippet&amp;q=Mr.%20player 
 headers={'User-Agent': 'python-requests/2.23.0', 'Accept-Encoding': 'gzip, deflate', 'Accept': '*/*', 'Connection': 'keep-alive'} 
 body=None 
 </msg>
<msg timestamp="20200817 16:17:08.918" level="INFO">GET Response : url=https://www.googleapis.com/youtube/youtube/search?key=AIzaSyDwpyl4RwmNUk67LxvNatIJfz-nx6gok04&amp;part=snippet&amp;q=Mr.%20player 
 status=404, reason=Not Found 
 body=Not Found 
 </msg>
<msg timestamp="20200817 16:17:08.918" level="INFO">C:\Users\Admin-pc\AppData\Local\Programs\Python\Python38-32\lib\site-packages\urllib3\connectionpool.py:979: InsecureRequestWarning: Unverified HTTPS request is being made to host 'www.googleapis.com'. Adding certificate verification is strongly advised. See: https://urllib3.readthedocs.io/en/latest/advanced-usage.html#ssl-warnings
  warnings.warn(</msg>
<msg timestamp="20200817 16:17:08.919" level="INFO">${response} = &lt;Response [404]&gt;</msg>
<status status="PASS" starttime="20200817 16:17:08.824" endtime="20200817 16:17:08.919"></status>
</kw>
<kw name="Should Be Equal As Strings" library="BuiltIn">
<doc>Fails if objects are unequal after converting them to strings.</doc>
<arguments>
<arg>${response.status_code}</arg>
<arg>400</arg>
</arguments>
<msg timestamp="20200817 16:17:08.920" level="INFO">Argument types are:
&lt;class 'int'&gt;
&lt;type 'unicode'&gt;</msg>
<msg timestamp="20200817 16:17:08.920" level="FAIL">404 != 400</msg>
<status status="FAIL" starttime="20200817 16:17:08.919" endtime="20200817 16:17:08.920"></status>
</kw>
<status status="FAIL" starttime="20200817 16:17:08.821" endtime="20200817 16:17:08.920" critical="yes">404 != 400</status>
</test>
<doc>API Test Case</doc>
<status status="FAIL" starttime="20200817 16:17:08.440" endtime="20200817 16:17:08.922"></status>
</suite>
<statistics>
<total>
<stat pass="0" fail="1">Critical Tests</stat>
<stat pass="0" fail="1">All Tests</stat>
</total>
<tag>
</tag>
<suite>
<stat pass="0" fail="1" id="s1" name="APITest">APITest</stat>
</suite>
</statistics>
<errors>
</errors>
</robot>
