<?xml version="1.0" encoding="UTF-8"?>
<robot generator="Robot 3.2.1 (Python 3.8.3 on win32)" generated="20200817 18:32:43.374" rpa="false">
<suite id="s1" name="Amazontestscript" source="D:\python\PAYNET\tests\amazontestscript.robot">
<test id="s1-t1" name="Guest User search an Product">
<kw name="Begin Web Test" library="Common" type="setup">
<arguments>
<arg>${BROWSER}</arg>
</arguments>
<kw name="Open Browser" library="SeleniumLibrary">
<doc>Opens a new browser instance to the optional ``url``.</doc>
<arguments>
<arg>about:blank</arg>
<arg>${BROWSER}</arg>
<arg>remote_url=${REMOTE_URL}</arg>
<arg>desired_capabilities=${DESIRED_CAPABILITIES}</arg>
</arguments>
<msg timestamp="20200817 18:32:43.678" level="INFO">Opening browser 'chrome' to base url 'about:blank' through remote server at 'https://Seahguan:e7f1d5d0-d42c-45c0-9dba-970abea248ec@ondemand.us-west-1.saucelabs.com:443/wd/hub'.</msg>
<status status="PASS" starttime="20200817 18:32:43.678" endtime="20200817 18:32:54.519"></status>
</kw>
<kw name="Maximize Browser Window" library="SeleniumLibrary">
<doc>Maximizes current browser window.</doc>
<status status="PASS" starttime="20200817 18:32:54.519" endtime="20200817 18:32:55.162"></status>
</kw>
<status status="PASS" starttime="20200817 18:32:43.678" endtime="20200817 18:32:55.162"></status>
</kw>
<kw name="Load Page" library="Amazon">
<arguments>
<arg>${URL}</arg>
</arguments>
<kw name="Load" library="LandingPage">
<arguments>
<arg>${URL}</arg>
</arguments>
<kw name="Go To" library="SeleniumLibrary">
<doc>Navigates the current browser window to the provided ``url``.</doc>
<arguments>
<arg>${URL}</arg>
</arguments>
<msg timestamp="20200817 18:32:55.162" level="INFO">Opening url 'https://www.amazon.com'</msg>
<status status="PASS" starttime="20200817 18:32:55.162" endtime="20200817 18:32:58.928"></status>
</kw>
<status status="PASS" starttime="20200817 18:32:55.162" endtime="20200817 18:32:58.932"></status>
</kw>
<kw name="Verify Page Loaded" library="LandingPage">
<kw name="Wait Until Page Contains" library="SeleniumLibrary">
<doc>Waits until ``text`` appears on the current page.</doc>
<arguments>
<arg>Hello</arg>
</arguments>
<status status="PASS" starttime="20200817 18:32:58.932" endtime="20200817 18:32:59.728"></status>
</kw>
<status status="PASS" starttime="20200817 18:32:58.932" endtime="20200817 18:32:59.728"></status>
</kw>
<status status="PASS" starttime="20200817 18:32:55.162" endtime="20200817 18:32:59.728"></status>
</kw>
<kw name="Search for Products" library="Amazon">
<arguments>
<arg>${SEARCH_TERM}</arg>
</arguments>
<kw name="Wait Until Page Contains" library="SeleniumLibrary">
<doc>Waits until ``text`` appears on the current page.</doc>
<arguments>
<arg>Amazon</arg>
</arguments>
<status status="PASS" starttime="20200817 18:32:59.728" endtime="20200817 18:33:00.645"></status>
</kw>
<kw name="Search for Products" library="TopNavSection">
<arguments>
<arg>${SEARCH_TERM}</arg>
</arguments>
<kw name="Enter Search Term" library="TopNavSection">
<arguments>
<arg>${SEARCH_TERM}</arg>
</arguments>
<kw name="Input Text" library="SeleniumLibrary">
<doc>Types the given ``text`` into the text field identified by ``locator``.</doc>
<arguments>
<arg>id=twotabsearchtextbox</arg>
<arg>${SEARCH_TERM}</arg>
</arguments>
<msg timestamp="20200817 18:33:00.645" level="INFO">Typing text 'Nintendo Switch 32GB Console' into text field 'id=twotabsearchtextbox'.</msg>
<status status="PASS" starttime="20200817 18:33:00.645" endtime="20200817 18:33:03.389"></status>
</kw>
<kw name="Press Keys" library="SeleniumLibrary">
<doc>Simulates the user pressing key(s) to an element or on the active browser.</doc>
<arguments>
<arg>id=twotabsearchtextbox</arg>
<arg>ENTER</arg>
</arguments>
<msg timestamp="20200817 18:33:03.389" level="INFO">Sending key(s) ('ENTER',) to id=twotabsearchtextbox element.</msg>
<msg timestamp="20200817 18:33:05.666" level="INFO">Pressing special key ENTER to element.</msg>
<msg timestamp="20200817 18:33:05.666" level="INFO">Releasing special key ENTER.</msg>
<status status="PASS" starttime="20200817 18:33:03.389" endtime="20200817 18:33:09.811"></status>
</kw>
<status status="PASS" starttime="20200817 18:33:00.645" endtime="20200817 18:33:09.811"></status>
</kw>
<status status="PASS" starttime="20200817 18:33:00.645" endtime="20200817 18:33:09.811"></status>
</kw>
<kw name="Verify Search Completed" library="SearchResult">
<doc>verify the search result</doc>
<arguments>
<arg>${SEARCH_TERM}</arg>
</arguments>
<kw name="Wait Until Page Contains" library="SeleniumLibrary">
<doc>Waits until ``text`` appears on the current page.</doc>
<arguments>
<arg>results for "${SEARCH_TERM}"</arg>
</arguments>
<status status="PASS" starttime="20200817 18:33:09.811" endtime="20200817 18:33:10.467"></status>
</kw>
<status status="PASS" starttime="20200817 18:33:09.811" endtime="20200817 18:33:10.467"></status>
</kw>
<status status="PASS" starttime="20200817 18:32:59.728" endtime="20200817 18:33:10.467"></status>
</kw>
<kw name="Select Product from Search Results" library="Amazon">
<kw name="Click Product link" library="SearchResult">
<doc>click on the search product link to go to Product Details page</doc>
<kw name="Click Image" library="SeleniumLibrary">
<doc>Clicks an image identified by ``locator``.</doc>
<arguments>
<arg>xpath=//*[@data-image-index='0']</arg>
</arguments>
<msg timestamp="20200817 18:33:10.471" level="INFO">Clicking image 'xpath=//*[@data-image-index='0']'.</msg>
<kw name="Capture Page Screenshot" library="SeleniumLibrary">
<doc>Takes a screenshot of the current page and embeds it into a log file.</doc>
<msg timestamp="20200817 18:33:13.875" level="INFO" html="yes">&lt;/td&gt;&lt;/tr&gt;&lt;tr&gt;&lt;td colspan="3"&gt;&lt;a href="selenium-screenshot-2.png"&gt;&lt;img src="selenium-screenshot-2.png" width="800px"&gt;&lt;/a&gt;</msg>
<status status="PASS" starttime="20200817 18:33:12.063" endtime="20200817 18:33:13.875"></status>
</kw>
<msg timestamp="20200817 18:33:13.879" level="FAIL">Input with locator 'xpath=//*[@data-image-index='0']' not found.</msg>
<status status="FAIL" starttime="20200817 18:33:10.467" endtime="20200817 18:33:13.879"></status>
</kw>
<status status="FAIL" starttime="20200817 18:33:10.467" endtime="20200817 18:33:13.879"></status>
</kw>
<status status="FAIL" starttime="20200817 18:33:10.467" endtime="20200817 18:33:13.879"></status>
</kw>
<kw name="End Web Test" library="Common" type="teardown">
<kw name="Close Browser" library="SeleniumLibrary">
<doc>Closes the current browser.</doc>
<status status="PASS" starttime="20200817 18:33:13.882" endtime="20200817 18:33:14.607"></status>
</kw>
<status status="PASS" starttime="20200817 18:33:13.882" endtime="20200817 18:33:14.607"></status>
</kw>
<tags>
<tag>Positive Test Scenario 1</tag>
</tags>
<status status="FAIL" starttime="20200817 18:32:43.678" endtime="20200817 18:33:14.609" critical="yes">Input with locator 'xpath=//*[@data-image-index='0']' not found.</status>
</test>
<doc>initial script basic requirement</doc>
<status status="FAIL" starttime="20200817 18:32:43.378" endtime="20200817 18:33:14.611"></status>
</suite>
<statistics>
<total>
<stat pass="0" fail="1">Critical Tests</stat>
<stat pass="0" fail="1">All Tests</stat>
</total>
<tag>
<stat pass="0" fail="1">Positive Test Scenario 1</stat>
</tag>
<suite>
<stat pass="0" fail="1" id="s1" name="Amazontestscript">Amazontestscript</stat>
</suite>
</statistics>
<errors>
</errors>
</robot>
