<?xml version="1.0" encoding="UTF-8"?>
<robot generator="Robot 3.2.1 (Python 3.8.3 on win32)" generated="20200817 16:37:42.631" rpa="false">
<suite id="s1" name="APITest" source="D:\python\PAYNET\tests\APITest.robot">
<test id="s1-t1" name="Master Card API test case">
<kw name="Create Session" library="RequestsLibrary">
<doc>Create Session: create a HTTP session to a server</doc>
<arguments>
<arg>MASTERCARD_session</arg>
<arg>${MasterCard_Base_URL}</arg>
</arguments>
<msg timestamp="20200817 16:37:43.027" level="INFO">Creating Session using : alias=MASTERCARD_session, url=https://api.mastercard.com, headers={},                     cookies={}, auth=None, timeout=None, proxies=None, verify=False,                     debug=0 </msg>
<status status="PASS" starttime="20200817 16:37:43.026" endtime="20200817 16:37:43.027"></status>
</kw>
<kw name="Get Request" library="RequestsLibrary">
<doc>Send a GET request on the session object found using the
given `alias`</doc>
<arguments>
<arg>MASTERCARD_session</arg>
<arg>enhanced/settlement/currencyrate/subscribed/summary-rates</arg>
</arguments>
<assign>
<var>${response}</var>
</assign>
<msg timestamp="20200817 16:37:43.538" level="INFO">GET Request : url=https://api.mastercard.com/enhanced/settlement/currencyrate/subscribed/summary-rates 
 path_url=/enhanced/settlement/currencyrate/subscribed/summary-rates 
 headers={'User-Agent': 'python-requests/2.23.0', 'Accept-Encoding': 'gzip, deflate', 'Accept': '*/*', 'Connection': 'keep-alive'} 
 body=None 
 </msg>
<msg timestamp="20200817 16:37:43.539" level="INFO">GET Response : url=https://api.mastercard.com/enhanced/settlement/currencyrate/subscribed/summary-rates 
 status=400, reason=Bad Request 
 body={
  "Errors": {
    "Error": [
      {
        "Source": "Gateway",
        "ReasonCode": "INVALID_OAUTH_SBS",
        "Description": "Problem with signature base string. Missing oauth_consumer_key",
        "Recoverable": false,
        "Details": null
      }
    ]
  }
} 
 </msg>
<msg timestamp="20200817 16:37:43.539" level="INFO">C:\Users\Admin-pc\AppData\Local\Programs\Python\Python38-32\lib\site-packages\urllib3\connectionpool.py:979: InsecureRequestWarning: Unverified HTTPS request is being made to host 'api.mastercard.com'. Adding certificate verification is strongly advised. See: https://urllib3.readthedocs.io/en/latest/advanced-usage.html#ssl-warnings
  warnings.warn(</msg>
<msg timestamp="20200817 16:37:43.539" level="INFO">${response} = &lt;Response [400]&gt;</msg>
<status status="PASS" starttime="20200817 16:37:43.027" endtime="20200817 16:37:43.539"></status>
</kw>
<kw name="Should Be Equal As Strings" library="BuiltIn">
<doc>Fails if objects are unequal after converting them to strings.</doc>
<arguments>
<arg>${response.status_code}</arg>
<arg>400</arg>
</arguments>
<msg timestamp="20200817 16:37:43.541" level="INFO">Argument types are:
&lt;class 'int'&gt;
&lt;type 'unicode'&gt;</msg>
<status status="PASS" starttime="20200817 16:37:43.540" endtime="20200817 16:37:43.541"></status>
</kw>
<kw name="Run Keyword If" library="BuiltIn">
<doc>Runs the given keyword with the given arguments, if ``condition`` is true.</doc>
<arguments>
<arg>${response.status_code} == 200</arg>
<arg>Keyword 1</arg>
</arguments>
<status status="PASS" starttime="20200817 16:37:43.542" endtime="20200817 16:37:43.542"></status>
</kw>
<status status="PASS" starttime="20200817 16:37:43.025" endtime="20200817 16:37:43.543" critical="yes"></status>
</test>
<doc>API Test Case</doc>
<status status="PASS" starttime="20200817 16:37:42.633" endtime="20200817 16:37:43.546"></status>
</suite>
<statistics>
<total>
<stat pass="1" fail="0">Critical Tests</stat>
<stat pass="1" fail="0">All Tests</stat>
</total>
<tag>
</tag>
<suite>
<stat pass="1" fail="0" id="s1" name="APITest">APITest</stat>
</suite>
</statistics>
<errors>
</errors>
</robot>
